<?xml version="1.0" encoding="UTF-8"?>
<!-- Generated by org.testng.reporters.JUnitReportReporter -->
<testsuite hostname="DESKTOP-4SC5RBR" name="dropDown.DropDown2" tests="1" failures="0" timestamp="25 Mar 2017 17:44:16 GMT" time="5.528" errors="0">
  <testcase name="dropDownVisible" time="5.528" classname="dropDown.DropDown2"/>
</testsuite> <!-- dropDown.DropDown2 -->
