<?xml version="1.0" encoding="UTF-8"?>
<!-- Generated by org.testng.reporters.JUnitReportReporter -->
<testsuite hostname="DESKTOP-4SC5RBR" name="com.learnselenium.tng.LaunchFirefox" tests="1" failures="0" timestamp="11 Mar 2017 20:55:49 GMT" time="9.023" errors="0">
  <testcase name="TestFireFox" time="9.023" classname="com.learnselenium.tng.LaunchFirefox"/>
</testsuite> <!-- com.learnselenium.tng.LaunchFirefox -->
