<?xml version="1.0" encoding="UTF-8"?>
<!-- Generated by org.testng.reporters.JUnitReportReporter -->
<testsuite hostname="DESKTOP-4SC5RBR" name="wait.ExplicitWait" tests="1" failures="0" timestamp="25 Mar 2017 17:44:16 GMT" time="17.546" errors="0">
  <testcase name="explicitWait" time="17.546" classname="wait.ExplicitWait"/>
</testsuite> <!-- wait.ExplicitWait -->
