<?xml version="1.0" encoding="UTF-8"?>
<!-- Generated by org.testng.reporters.JUnitReportReporter -->
<testsuite hostname="DESKTOP-4SC5RBR" name="com.learnselenium.tng.IETestNG" tests="1" failures="0" timestamp="25 Mar 2017 17:44:16 GMT" time="34.277" errors="0">
  <testcase name="ieTestNG" time="34.277" classname="com.learnselenium.tng.IETestNG"/>
</testsuite> <!-- com.learnselenium.tng.IETestNG -->
