<?xml version="1.0" encoding="UTF-8"?>
<!-- Generated by org.testng.reporters.JUnitReportReporter -->
<testsuite hostname="DESKTOP-4SC5RBR" name="com.learnselenium.tng.Firefox" tests="1" failures="0" timestamp="11 Mar 2017 20:55:49 GMT" time="5.128" errors="0">
  <testcase name="start" time="5.128" classname="com.learnselenium.tng.Firefox"/>
</testsuite> <!-- com.learnselenium.tng.Firefox -->
