<?xml version="1.0" encoding="UTF-8"?>
<!-- Generated by org.testng.reporters.JUnitReportReporter -->
<testsuite hostname="DESKTOP-4SC5RBR" name="com.learnselenium.tng.IETestNG" tests="1" failures="0" timestamp="14 Mar 2017 05:20:53 GMT" time="13.101" errors="0">
  <testcase name="ieTestNG" time="13.101" classname="com.learnselenium.tng.IETestNG"/>
</testsuite> <!-- com.learnselenium.tng.IETestNG -->
