<?xml version="1.0" encoding="UTF-8"?>
<!-- Generated by org.testng.reporters.JUnitReportReporter -->
<testsuite hostname="DESKTOP-4SC5RBR" name="radioAndCheckbox.RadioAndCheckbox" tests="2" failures="0" timestamp="25 Mar 2017 17:44:16 GMT" time="1.298" errors="0">
  <testcase name="radioButton" time="0.681" classname="radioAndCheckbox.RadioAndCheckbox"/>
  <testcase name="checkBox" time="0.617" classname="radioAndCheckbox.RadioAndCheckbox"/>
</testsuite> <!-- radioAndCheckbox.RadioAndCheckbox -->
