<?xml version="1.0" encoding="UTF-8"?>
<!-- Generated by org.testng.reporters.JUnitReportReporter -->
<testsuite hostname="DESKTOP-4SC5RBR" name="readWriteExcel.ReadExcelGeneric" tests="1" failures="0" timestamp="15 Mar 2017 11:01:46 GMT" time="1.158" errors="0">
  <testcase name="read" time="1.158" classname="readWriteExcel.ReadExcelGeneric"/>
</testsuite> <!-- readWriteExcel.ReadExcelGeneric -->
