<?xml version="1.0" encoding="UTF-8"?>
<!-- Generated by org.testng.reporters.JUnitReportReporter -->
<testsuite hostname="DESKTOP-4SC5RBR" name="exceptionHandling.ExceptionHandling1" tests="1" failures="0" timestamp="25 Mar 2017 17:44:16 GMT" time="39.161" errors="0">
  <testcase name="tryCatch" time="39.161" classname="exceptionHandling.ExceptionHandling1"/>
</testsuite> <!-- exceptionHandling.ExceptionHandling1 -->
