<?xml version="1.0" encoding="UTF-8"?>
<!-- Generated by org.testng.reporters.JUnitReportReporter -->
<testsuite hostname="DESKTOP-4SC5RBR" name="dropDown.dropDown" tests="3" failures="0" timestamp="25 Mar 2017 17:44:16 GMT" time="15.959" errors="0">
  <testcase name="dropDownValue" time="4.599" classname="dropDown.dropDown"/>
  <testcase name="dropDownVisible" time="4.766" classname="dropDown.dropDown"/>
  <testcase name="dropDownIndex" time="6.594" classname="dropDown.dropDown"/>
</testsuite> <!-- dropDown.dropDown -->
