<?xml version="1.0" encoding="UTF-8"?>
<!-- Generated by org.testng.reporters.JUnitReportReporter -->
<testsuite hostname="DESKTOP-4SC5RBR" name="com.learnselenium.tng.Firefox" tests="1" failures="0" timestamp="25 Mar 2017 17:44:16 GMT" time="9.435" errors="0">
  <testcase name="start" time="9.435" classname="com.learnselenium.tng.Firefox"/>
</testsuite> <!-- com.learnselenium.tng.Firefox -->
