<?xml version="1.0" encoding="UTF-8"?>
<!-- Generated by org.testng.reporters.JUnitReportReporter -->
<testsuite hostname="DESKTOP-4SC5RBR" name="readWriteExcel.ReadExcel" tests="1" failures="0" timestamp="15 Mar 2017 09:24:56 GMT" time="0.810" errors="0">
  <testcase name="Read" time="0.810" classname="readWriteExcel.ReadExcel"/>
</testsuite> <!-- readWriteExcel.ReadExcel -->
