<?xml version="1.0" encoding="UTF-8"?>
<!-- Generated by org.testng.reporters.JUnitReportReporter -->
<testsuite hostname="DESKTOP-4SC5RBR" name="com.learnselenium.tng.LaunchFirefox" tests="1" failures="0" timestamp="14 Mar 2017 05:20:53 GMT" time="15.761" errors="0">
  <testcase name="TestFireFox" time="15.761" classname="com.learnselenium.tng.LaunchFirefox"/>
</testsuite> <!-- com.learnselenium.tng.LaunchFirefox -->
