<?xml version="1.0" encoding="UTF-8"?>
<!-- Generated by org.testng.reporters.JUnitReportReporter -->
<testsuite hostname="DESKTOP-4SC5RBR" name="com.learnselenium.tng.Firefox" tests="1" failures="0" timestamp="14 Mar 2017 05:20:53 GMT" time="11.359" errors="0">
  <testcase name="start" time="11.359" classname="com.learnselenium.tng.Firefox"/>
</testsuite> <!-- com.learnselenium.tng.Firefox -->
