<?xml version="1.0" encoding="UTF-8"?>
<!-- Generated by org.testng.reporters.JUnitReportReporter -->
<testsuite hostname="DESKTOP-4SC5RBR" name="com.learnselenium.tng.LaunchFirefox" tests="1" failures="0" timestamp="25 Mar 2017 17:44:16 GMT" time="11.546" errors="0">
  <testcase name="TestFireFox" time="11.546" classname="com.learnselenium.tng.LaunchFirefox"/>
</testsuite> <!-- com.learnselenium.tng.LaunchFirefox -->
