<?xml version="1.0" encoding="UTF-8"?>
<!-- Generated by org.testng.reporters.JUnitReportReporter -->
<testsuite hostname="DESKTOP-4SC5RBR" name="com.learnselenium.tng.IETestNG" tests="1" failures="0" timestamp="11 Mar 2017 20:55:49 GMT" time="8.790" errors="0">
  <testcase name="ieTestNG" time="8.790" classname="com.learnselenium.tng.IETestNG"/>
</testsuite> <!-- com.learnselenium.tng.IETestNG -->
