<?xml version="1.0" encoding="UTF-8"?>
<!-- Generated by org.testng.reporters.JUnitReportReporter -->
<testsuite hostname="DESKTOP-4SC5RBR" name="com.learnselenium.tng.Firefox" tests="1" failures="0" timestamp="15 Mar 2017 10:55:26 GMT" time="6.742" errors="0">
  <testcase name="start" time="6.742" classname="com.learnselenium.tng.Firefox"/>
</testsuite> <!-- com.learnselenium.tng.Firefox -->
