<?xml version="1.0" encoding="UTF-8"?>
<!-- Generated by org.testng.reporters.JUnitReportReporter -->
<testsuite hostname="DESKTOP-4SC5RBR" name="dropDown.DropDown1" tests="1" failures="0" timestamp="25 Mar 2017 17:44:16 GMT" time="1.469" errors="0">
  <testcase name="dropDownVisible" time="1.469" classname="dropDown.DropDown1"/>
</testsuite> <!-- dropDown.DropDown1 -->
