<?xml version="1.0" encoding="UTF-8"?>
<!-- Generated by org.testng.reporters.JUnitReportReporter -->
<testsuite hostname="DESKTOP-4SC5RBR" name="readWriteExcel.ReadExcelGeneric" tests="1" failures="0" timestamp="7 Apr 2017 13:49:23 GMT" time="0.774" errors="0">
  <testcase name="read" time="0.774" classname="readWriteExcel.ReadExcelGeneric"/>
</testsuite> <!-- readWriteExcel.ReadExcelGeneric -->
