<?xml version="1.0" encoding="UTF-8"?>
<!-- Generated by org.testng.reporters.JUnitReportReporter -->
<testsuite hostname="DESKTOP-4SC5RBR" name="com.learnselenium.tng.ReadExcelGeneric" tests="1" failures="0" timestamp="16 Mar 2017 04:24:56 GMT" time="1.988" errors="0">
  <testcase name="read" time="1.988" classname="com.learnselenium.tng.ReadExcelGeneric"/>
</testsuite> <!-- com.learnselenium.tng.ReadExcelGeneric -->
