<?xml version="1.0" encoding="UTF-8"?>
<!-- Generated by org.testng.reporters.JUnitReportReporter -->
<testsuite hostname="DESKTOP-4SC5RBR" name="readWriteExcel.ReadWriteExcelGeneric" tests="1" failures="1" timestamp="25 Mar 2017 17:44:16 GMT" time="5.659" errors="0">
  <testcase name="readWriteData" time="5.659" classname="readWriteExcel.ReadWriteExcelGeneric">
    <failure type="java.lang.IllegalArgumentException" message="Invalid column index (16384).  Allowable column range for EXCEL2007 is (0..16383) or (&#039;A&#039;..&#039;XFD&#039;)">
      <![CDATA[java.lang.IllegalArgumentException: Invalid column index (16384).  Allowable column range for EXCEL2007 is (0..16383) or ('A'..'XFD')
	at org.apache.poi.xssf.usermodel.XSSFCell.checkBounds(XSSFCell.java:1004)
	at org.apache.poi.xssf.usermodel.XSSFCell.setCellNum(XSSFCell.java:854)
	at org.apache.poi.xssf.usermodel.XSSFRow.createCell(XSSFRow.java:209)
	at org.apache.poi.xssf.usermodel.XSSFRow.createCell(XSSFRow.java:181)
	at org.apache.poi.xssf.usermodel.XSSFRow.createCell(XSSFRow.java:44)
	at readWriteLib.ReadWriteConfig.setAllData(ReadWriteConfig.java:106)
	at readWriteExcel.ReadWriteExcelGeneric.readWriteData(ReadWriteExcelGeneric.java:14)
	at sun.reflect.NativeMethodAccessorImpl.invoke0(Native Method)
	at sun.reflect.NativeMethodAccessorImpl.invoke(Unknown Source)
	at sun.reflect.DelegatingMethodAccessorImpl.invoke(Unknown Source)
	at java.lang.reflect.Method.invoke(Unknown Source)
	at org.testng.internal.MethodInvocationHelper.invokeMethod(MethodInvocationHelper.java:84)
	at org.testng.internal.Invoker.invokeMethod(Invoker.java:714)
	at org.testng.internal.Invoker.invokeTestMethod(Invoker.java:901)
	at org.testng.internal.Invoker.invokeTestMethods(Invoker.java:1231)
	at org.testng.internal.TestMethodWorker.invokeTestMethods(TestMethodWorker.java:127)
	at org.testng.internal.TestMethodWorker.run(TestMethodWorker.java:111)
	at org.testng.TestRunner.privateRun(TestRunner.java:767)
	at org.testng.TestRunner.run(TestRunner.java:617)
	at org.testng.SuiteRunner.runTest(SuiteRunner.java:334)
	at org.testng.SuiteRunner.runSequentially(SuiteRunner.java:329)
	at org.testng.SuiteRunner.privateRun(SuiteRunner.java:291)
	at org.testng.SuiteRunner.run(SuiteRunner.java:240)
	at org.testng.SuiteRunnerWorker.runSuite(SuiteRunnerWorker.java:52)
	at org.testng.SuiteRunnerWorker.run(SuiteRunnerWorker.java:86)
	at org.testng.TestNG.runSuitesSequentially(TestNG.java:1224)
	at org.testng.TestNG.runSuitesLocally(TestNG.java:1149)
	at org.testng.TestNG.run(TestNG.java:1057)
	at org.testng.remote.AbstractRemoteTestNG.run(AbstractRemoteTestNG.java:132)
	at org.testng.remote.RemoteTestNG.initAndRun(RemoteTestNG.java:230)
	at org.testng.remote.RemoteTestNG.main(RemoteTestNG.java:76)
]]>
    </failure>
  </testcase> <!-- readWriteData -->
</testsuite> <!-- readWriteExcel.ReadWriteExcelGeneric -->
