<?xml version="1.0" encoding="UTF-8"?>
<!-- Generated by org.testng.reporters.JUnitReportReporter -->
<testsuite skipped="0" hostname="DESKTOP-4SC5RBR" name="com.learnselenium.tng.LaunchFirefox" tests="1" failures="0" timestamp="11 Mar 2017 20:56:54 GMT" time="10.325" errors="0">
  <testcase name="TestFireFox" time="10.325" classname="com.learnselenium.tng.LaunchFirefox"/>
</testsuite> <!-- com.learnselenium.tng.LaunchFirefox -->
