<?xml version="1.0" encoding="UTF-8"?>
<!-- Generated by org.testng.reporters.JUnitReportReporter -->
<testsuite skipped="0" hostname="DESKTOP-4SC5RBR" name="com.learnselenium.tng.IETestNG" tests="1" failures="0" timestamp="11 Mar 2017 21:19:34 GMT" time="8.927" errors="0">
  <testcase name="ieTestNG" time="8.927" classname="com.learnselenium.tng.IETestNG"/>
</testsuite> <!-- com.learnselenium.tng.IETestNG -->
