<?xml version="1.0" encoding="UTF-8"?>
<!-- Generated by org.testng.reporters.JUnitReportReporter -->
<testsuite skipped="0" hostname="DESKTOP-4SC5RBR" name="priority1.SSLCeritificate" tests="1" failures="0" timestamp="09 May 2018 08:51:45 GMT" time="13.629" errors="0">
  <testcase name="sslWebPage" time="13.629" classname="priority1.SSLCeritificate"/>
</testsuite> <!-- priority1.SSLCeritificate -->
