<?xml version="1.0" encoding="UTF-8"?>
<!-- Generated by org.testng.reporters.JUnitReportReporter -->
<testsuite skipped="0" hostname="DESKTOP-4SC5RBR" name="priority2.VerifyResultDateInBetweenFromAndTo" tests="2" failures="0" timestamp="07 May 2018 22:15:12 GMT" time="23.036" errors="0">
  <testcase name="performLandingPageActivity" time="4.624" classname="priority2.VerifyResultDateInBetweenFromAndTo"/>
  <testcase name="verifyResultDate" time="18.412" classname="priority2.VerifyResultDateInBetweenFromAndTo"/>
</testsuite> <!-- priority2.VerifyResultDateInBetweenFromAndTo -->
