<?xml version="1.0" encoding="UTF-8"?>
<!-- Generated by org.testng.reporters.JUnitReportReporter -->
<testsuite skipped="0" hostname="DESKTOP-4SC5RBR" name="priority2.SearchSecurityCodeTable" tests="2" failures="0" timestamp="25 Apr 2018 09:34:38 GMT" time="226.634" errors="0">
  <testcase name="performLandingPageActivity" time="184.713" classname="priority2.SearchSecurityCodeTable"/>
  <testcase name="clickOnSecurityCode" time="41.921" classname="priority2.SearchSecurityCodeTable"/>
</testsuite> <!-- priority2.SearchSecurityCodeTable -->
