<?xml version="1.0" encoding="UTF-8"?>
<!-- Generated by org.testng.reporters.JUnitReportReporter -->
<testsuite skipped="0" hostname="DESKTOP-4SC5RBR" name="priority2.SelectNameFromDropDownUsingSecurityCode" tests="2" failures="0" timestamp="07 May 2018 22:19:31 GMT" time="10.917" errors="0">
  <testcase name="verifySecurityName" time="6.593" classname="priority2.SelectNameFromDropDownUsingSecurityCode"/>
  <testcase name="performLandingPageActivity" time="4.324" classname="priority2.SelectNameFromDropDownUsingSecurityCode"/>
</testsuite> <!-- priority2.SelectNameFromDropDownUsingSecurityCode -->
