<?xml version="1.0" encoding="UTF-8"?>
<!-- Generated by org.testng.reporters.JUnitReportReporter -->
<testsuite skipped="0" hostname="DESKTOP-4SC5RBR" name="priority2.SearchSecurityCodeFromSearchResult" tests="2" failures="0" timestamp="25 Apr 2018 05:35:05 GMT" time="40.276" errors="0">
  <testcase name="verifyResultDate" time="35.987" classname="priority2.SearchSecurityCodeFromSearchResult"/>
  <testcase name="performLandingPageActivity" time="4.289" classname="priority2.SearchSecurityCodeFromSearchResult"/>
</testsuite> <!-- priority2.SearchSecurityCodeFromSearchResult -->
