<?xml version="1.0" encoding="UTF-8"?>
<!-- Generated by org.testng.reporters.JUnitReportReporter -->
<testsuite skipped="0" hostname="DESKTOP-4SC5RBR" name="priority2.MismatchOfSecurityName" tests="2" failures="0" timestamp="07 May 2018 22:15:12 GMT" time="10.434" errors="0">
  <testcase name="performLandingPageActivity" time="3.845" classname="priority2.MismatchOfSecurityName"/>
  <testcase name="verifyMismatchOfSecurityName" time="6.589" classname="priority2.MismatchOfSecurityName"/>
</testsuite> <!-- priority2.MismatchOfSecurityName -->
