<?xml version="1.0" encoding="UTF-8"?>
<!-- Generated by org.testng.reporters.JUnitReportReporter -->
<testsuite skipped="0" hostname="DESKTOP-4SC5RBR" name="priority2.VerifyNoMatchFoundInvalidSecurityCode" tests="2" failures="0" timestamp="07 May 2018 22:15:12 GMT" time="5.203" errors="0">
  <testcase name="verifyNoMatchFound" time="0.412" classname="priority2.VerifyNoMatchFoundInvalidSecurityCode"/>
  <testcase name="performLandingPageActivity" time="4.791" classname="priority2.VerifyNoMatchFoundInvalidSecurityCode"/>
</testsuite> <!-- priority2.VerifyNoMatchFoundInvalidSecurityCode -->
