<?xml version="1.0" encoding="UTF-8"?>
<!-- Generated by org.testng.reporters.JUnitReportReporter -->
<testsuite skipped="0" hostname="DESKTOP-4SC5RBR" name="priority2.VerifyNoMatchFoundInvalidSecurityName" tests="2" failures="0" timestamp="07 May 2018 22:15:12 GMT" time="4.916" errors="0">
  <testcase name="verifyNoMatchFound" time="0.603" classname="priority2.VerifyNoMatchFoundInvalidSecurityName"/>
  <testcase name="performLandingPageActivity" time="4.313" classname="priority2.VerifyNoMatchFoundInvalidSecurityName"/>
</testsuite> <!-- priority2.VerifyNoMatchFoundInvalidSecurityName -->
