<?xml version="1.0" encoding="UTF-8"?>
<!-- Generated by org.testng.reporters.JUnitReportReporter -->
<testsuite skipped="0" hostname="DESKTOP-4SC5RBR" name="priority2.SelectNameFromDropDownUsingSecurityName" tests="2" failures="0" timestamp="07 May 2018 22:15:12 GMT" time="10.582" errors="0">
  <testcase name="performLandingPageActivity" time="4.152" classname="priority2.SelectNameFromDropDownUsingSecurityName"/>
  <testcase name="verifyMismatchOfSecurityName" time="6.430" classname="priority2.SelectNameFromDropDownUsingSecurityName"/>
</testsuite> <!-- priority2.SelectNameFromDropDownUsingSecurityName -->
