<?xml version="1.0" encoding="UTF-8"?>
<!-- Generated by org.testng.reporters.JUnitReportReporter -->
<testsuite skipped="0" hostname="DESKTOP-4SC5RBR" name="testCases.Dummay" tests="1" failures="0" timestamp="19 Apr 2018 13:59:09 GMT" time="46.405" errors="0">
  <testcase name="method1" time="46.405" classname="testCases.Dummay"/>
</testsuite> <!-- testCases.Dummay -->
