<?xml version="1.0" encoding="UTF-8"?>
<!-- Generated by org.testng.reporters.JUnitReportReporter -->
<testsuite skipped="0" hostname="DESKTOP-4SC5RBR" name="priority2.WrongSecurityNameSelection" tests="2" failures="0" timestamp="07 May 2018 22:15:12 GMT" time="9.773" errors="0">
  <testcase name="performLandingPageActivity" time="4.254" classname="priority2.WrongSecurityNameSelection"/>
  <testcase name="verifyMismatchOfSecurityName" time="5.519" classname="priority2.WrongSecurityNameSelection"/>
</testsuite> <!-- priority2.WrongSecurityNameSelection -->
