<?xml version="1.0" encoding="UTF-8"?>
<!-- Generated by org.testng.reporters.JUnitReportReporter -->
<testsuite skipped="0" hostname="DESKTOP-4SC5RBR" name="priority3.VerifyActualSecurityCode" tests="3" failures="0" timestamp="07 May 2018 22:15:12 GMT" time="68.172" errors="0">
  <testcase name="performLandingPageActivity" time="4.088" classname="priority3.VerifyActualSecurityCode"/>
  <testcase name="verifySecurityCode" time="3.894" classname="priority3.VerifyActualSecurityCode"/>
  <testcase name="clickOnSecurityCodeOnResultCalendarPage" time="60.190" classname="priority3.VerifyActualSecurityCode"/>
</testsuite> <!-- priority3.VerifyActualSecurityCode -->
