<?xml version="1.0" encoding="UTF-8"?>
<!-- Generated by org.testng.reporters.JUnitReportReporter -->
<testsuite skipped="0" hostname="DESKTOP-4SC5RBR" name="priority1.VerifyMultipleQuickLinksTitle" tests="4" failures="0" timestamp="08 May 2018 09:24:11 GMT" time="10.962" errors="0">
  <testcase name="storeMultipleQuickLinksTitle" time="5.086" classname="priority1.VerifyMultipleQuickLinksTitle"/>
  <testcase name="storeMultipleQuickLinksTitle" time="3.620" classname="priority1.VerifyMultipleQuickLinksTitle"/>
  <testcase name="storeMultipleQuickLinksTitle" time="2.254" classname="priority1.VerifyMultipleQuickLinksTitle"/>
  <testcase name="verifyMultipleQuickLinksTitle" time="0.002" classname="priority1.VerifyMultipleQuickLinksTitle"/>
</testsuite> <!-- priority1.VerifyMultipleQuickLinksTitle -->
