<?xml version="1.0" encoding="UTF-8"?>
<!-- Generated by org.testng.reporters.JUnitReportReporter -->
<testsuite skipped="0" hostname="DESKTOP-4SC5RBR" name="priority3.VerifyActualSecurityName" tests="3" failures="0" timestamp="07 May 2018 22:15:12 GMT" time="19.120" errors="0">
  <testcase name="performLandingPageActivity" time="4.065" classname="priority3.VerifyActualSecurityName"/>
  <testcase name="verifySecurityName" time="2.765" classname="priority3.VerifyActualSecurityName"/>
  <testcase name="clickOnSecurityCodeOnResultCalendarPage" time="12.290" classname="priority3.VerifyActualSecurityName"/>
</testsuite> <!-- priority3.VerifyActualSecurityName -->
